Line 32: Class ChamaleonButton.ChameleonBtn of control ChameleonBtn1 was not a loaded control class.
Line 84: Class ChamaleonButton.ChameleonBtn of control ChameleonBtn2 was not a loaded control class.
Line 38: The property name _ExtentX in ChameleonBtn1 is invalid.
Line 39: The property name _ExtentY in ChameleonBtn1 is invalid.
Line 40: The property name BTYPE in ChameleonBtn1 is invalid.
Line 41: The property name TX in ChameleonBtn1 is invalid.
Line 42: The property name ENAB in ChameleonBtn1 is invalid.
Line 52: The property name COLTYPE in ChameleonBtn1 is invalid.
Line 53: The property name FOCUSR in ChameleonBtn1 is invalid.
Line 54: The property name BCOL in ChameleonBtn1 is invalid.
Line 55: The property name BCOLO in ChameleonBtn1 is invalid.
Line 56: The property name FCOL in ChameleonBtn1 is invalid.
Line 57: The property name FCOLO in ChameleonBtn1 is invalid.
Line 58: The property name MCOL in ChameleonBtn1 is invalid.
Line 59: The property name MPTR in ChameleonBtn1 is invalid.
Line 60: The property name MICON in ChameleonBtn1 is invalid.
Line 61: The property name UMCOL in ChameleonBtn1 is invalid.
Line 62: The property name SOFT in ChameleonBtn1 is invalid.
Line 63: The property name PICPOS in ChameleonBtn1 is invalid.
Line 64: The property name NGREY in ChameleonBtn1 is invalid.
Line 65: The property name FX in ChameleonBtn1 is invalid.
Line 66: The property name HAND in ChameleonBtn1 is invalid.
Line 67: The property name CHECK in ChameleonBtn1 is invalid.
Line 68: The property name VALUE in ChameleonBtn1 is invalid.
Line 90: The property name _ExtentX in ChameleonBtn2 is invalid.
Line 91: The property name _ExtentY in ChameleonBtn2 is invalid.
Line 92: The property name BTYPE in ChameleonBtn2 is invalid.
Line 93: The property name TX in ChameleonBtn2 is invalid.
Line 94: The property name ENAB in ChameleonBtn2 is invalid.
Line 104: The property name COLTYPE in ChameleonBtn2 is invalid.
Line 105: The property name FOCUSR in ChameleonBtn2 is invalid.
Line 106: The property name BCOL in ChameleonBtn2 is invalid.
Line 107: The property name BCOLO in ChameleonBtn2 is invalid.
Line 108: The property name FCOL in ChameleonBtn2 is invalid.
Line 109: The property name FCOLO in ChameleonBtn2 is invalid.
Line 110: The property name MCOL in ChameleonBtn2 is invalid.
Line 111: The property name MPTR in ChameleonBtn2 is invalid.
Line 112: The property name MICON in ChameleonBtn2 is invalid.
Line 113: The property name UMCOL in ChameleonBtn2 is invalid.
Line 114: The property name SOFT in ChameleonBtn2 is invalid.
Line 115: The property name PICPOS in ChameleonBtn2 is invalid.
Line 116: The property name NGREY in ChameleonBtn2 is invalid.
Line 117: The property name FX in ChameleonBtn2 is invalid.
Line 118: The property name HAND in ChameleonBtn2 is invalid.
Line 119: The property name CHECK in ChameleonBtn2 is invalid.
Line 120: The property name VALUE in ChameleonBtn2 is invalid.
